Vivado Simulator 2020.1
Time resolution is 1 ps
 Block Memory Generator module loading initial data...
 Block Memory Generator data initialization complete.
Block Memory Generator module flySimulator_bench.uut.blk_mem.inst.\native_mem_module.blk_mem_gen_v8_4_4_inst  is using a behavioral model for simulation which will not precisely model memory collision behavior.
Warning: *** Warning: The analog data file for XADC was not found. Use the SIM_MONITOR_FILE generic to specify the input analog data file name or use default name: design.txt. 
Time: 0 ps  Iteration: 0  Process: /flySimulator_bench/uut/xadc/U0/READFILE_P  File: /wrk/2020.1/continuous/2020_05_27_2902540/data/vhdl/src/unisims/primitive/XADC.vhd
Warning: NUMERIC_STD."=": metavalue detected, returning FALSE
Time: 101 ns  Iteration: 3  Process: /flySimulator_bench/uut/rgb2dvi/U0/\DataEncoders(0)\/DataEncoder/line__154  File: D:/flySimulator/flySimulator.ip_user_files/ipstatic/src/TMDS_Encoder.vhd
Warning: NUMERIC_STD."=": metavalue detected, returning FALSE
Time: 101 ns  Iteration: 3  Process: /flySimulator_bench/uut/rgb2dvi/U0/\DataEncoders(1)\/DataEncoder/line__154  File: D:/flySimulator/flySimulator.ip_user_files/ipstatic/src/TMDS_Encoder.vhd
Warning: NUMERIC_STD."=": metavalue detected, returning FALSE
Time: 101 ns  Iteration: 3  Process: /flySimulator_bench/uut/rgb2dvi/U0/\DataEncoders(2)\/DataEncoder/line__154  File: D:/flySimulator/flySimulator.ip_user_files/ipstatic/src/TMDS_Encoder.vhd
Warning: NUMERIC_STD."=": metavalue detected, returning FALSE
Time: 569 ns  Iteration: 5  Process: /flySimulator_bench/uut/rgb2dvi/U0/\DataEncoders(0)\/DataEncoder/line__154  File: D:/flySimulator/flySimulator.ip_user_files/ipstatic/src/TMDS_Encoder.vhd
Warning: NUMERIC_STD."=": metavalue detected, returning FALSE
Time: 569 ns  Iteration: 5  Process: /flySimulator_bench/uut/rgb2dvi/U0/\DataEncoders(1)\/DataEncoder/line__154  File: D:/flySimulator/flySimulator.ip_user_files/ipstatic/src/TMDS_Encoder.vhd
Warning: NUMERIC_STD."=": metavalue detected, returning FALSE
Time: 569 ns  Iteration: 5  Process: /flySimulator_bench/uut/rgb2dvi/U0/\DataEncoders(2)\/DataEncoder/line__154  File: D:/flySimulator/flySimulator.ip_user_files/ipstatic/src/TMDS_Encoder.vhd
Warning: Warning : [Unisim MMCME2_ADV-162] input CLKIN1 period and attribute CLKIN1_PERIOD are not same.
Time: 804 ns  Iteration: 22  Process: /flySimulator_bench/uut/rgb2dvi/U0/clockgeninternal/ClockGenX/genmmcm/DVI_ClkGenerator/pchk_p  File: /wrk/2020.1/continuous/2020_05_27_2902540/data/vhdl/src/unisims/primitive/MMCME2_ADV.vhd
Warning : input CLKIN1 period and attribute CLKIN1_PERIOD on PLLE2_ADV instance flySimulator_bench.uut.pll0.inst.plle2_adv_inst are not same.
